<?xml version="1.0" encoding="UTF-8"?>
<testsuite xmlns:xsi="http://www.w3.org/2001/XMLSchema-instance" xsi:noNamespaceSchemaLocation="https://maven.apache.org/surefire/maven-surefire-plugin/xsd/surefire-test-report.xsd" name="com.manning.junitbook.airport.AirportTest" time="0.199" tests="26" errors="0" skipped="0" failures="0">
  <properties>
    <property name="sun.desktop" value="windows"/>
    <property name="awt.toolkit" value="sun.awt.windows.WToolkit"/>
    <property name="java.specification.version" value="11"/>
    <property name="sun.cpu.isalist" value="amd64"/>
    <property name="sun.jnu.encoding" value="Cp1252"/>
    <property name="java.class.path" value="C:\Users\david\Downloads\Phase5\target\test-classes;C:\Users\david\Downloads\Phase5\target\classes;C:\Users\david\.m2\repository\org\junit\jupiter\junit-jupiter-api\5.6.0\junit-jupiter-api-5.6.0.jar;C:\Users\david\.m2\repository\org\apiguardian\apiguardian-api\1.1.0\apiguardian-api-1.1.0.jar;C:\Users\david\.m2\repository\org\opentest4j\opentest4j\1.2.0\opentest4j-1.2.0.jar;C:\Users\david\.m2\repository\org\junit\platform\junit-platform-commons\1.6.0\junit-platform-commons-1.6.0.jar;C:\Users\david\.m2\repository\org\junit\jupiter\junit-jupiter-engine\5.6.0\junit-jupiter-engine-5.6.0.jar;C:\Users\david\.m2\repository\org\junit\platform\junit-platform-engine\1.6.0\junit-platform-engine-1.6.0.jar;"/>
    <property name="java.vm.vendor" value="Eclipse Adoptium"/>
    <property name="sun.arch.data.model" value="64"/>
    <property name="user.variant" value=""/>
    <property name="java.vendor.url" value="https://adoptium.net/"/>
    <property name="user.timezone" value="Europe/London"/>
    <property name="java.vm.specification.version" value="11"/>
    <property name="os.name" value="Windows 11"/>
    <property name="sun.java.launcher" value="SUN_STANDARD"/>
    <property name="user.country" value="ES"/>
    <property name="sun.boot.library.path" value="C:\Program Files\Eclipse Adoptium\jdk-11.0.16.101-hotspot\bin"/>
    <property name="sun.java.command" value="C:\Users\david\AppData\Local\Temp\surefire16718482484715344588\surefirebooter16599892666514366664.jar C:\Users\david\AppData\Local\Temp\surefire16718482484715344588 2022-12-09T12-17-21_303-jvmRun1 surefire6082314022194024767tmp surefire_07032359317770230202tmp"/>
    <property name="jdk.debug" value="release"/>
    <property name="surefire.test.class.path" value="C:\Users\david\Downloads\Phase5\target\test-classes;C:\Users\david\Downloads\Phase5\target\classes;C:\Users\david\.m2\repository\org\junit\jupiter\junit-jupiter-api\5.6.0\junit-jupiter-api-5.6.0.jar;C:\Users\david\.m2\repository\org\apiguardian\apiguardian-api\1.1.0\apiguardian-api-1.1.0.jar;C:\Users\david\.m2\repository\org\opentest4j\opentest4j\1.2.0\opentest4j-1.2.0.jar;C:\Users\david\.m2\repository\org\junit\platform\junit-platform-commons\1.6.0\junit-platform-commons-1.6.0.jar;C:\Users\david\.m2\repository\org\junit\jupiter\junit-jupiter-engine\5.6.0\junit-jupiter-engine-5.6.0.jar;C:\Users\david\.m2\repository\org\junit\platform\junit-platform-engine\1.6.0\junit-platform-engine-1.6.0.jar;"/>
    <property name="sun.cpu.endian" value="little"/>
    <property name="user.home" value="C:\Users\david"/>
    <property name="user.language" value="es"/>
    <property name="java.specification.vendor" value="Oracle Corporation"/>
    <property name="java.version.date" value="2022-08-12"/>
    <property name="java.home" value="C:\Program Files\Eclipse Adoptium\jdk-11.0.16.101-hotspot"/>
    <property name="file.separator" value="\"/>
    <property name="basedir" value="C:\Users\david\Downloads\Phase5"/>
    <property name="java.vm.compressedOopsMode" value="32-bit"/>
    <property name="line.separator" value="&#10;"/>
    <property name="java.specification.name" value="Java Platform API Specification"/>
    <property name="java.vm.specification.vendor" value="Oracle Corporation"/>
    <property name="java.awt.graphicsenv" value="sun.awt.Win32GraphicsEnvironment"/>
    <property name="surefire.real.class.path" value="C:\Users\david\AppData\Local\Temp\surefire16718482484715344588\surefirebooter16599892666514366664.jar"/>
    <property name="user.script" value=""/>
    <property name="sun.management.compiler" value="HotSpot 64-Bit Tiered Compilers"/>
    <property name="java.runtime.version" value="11.0.16.1+1"/>
    <property name="user.name" value="david"/>
    <property name="path.separator" value=";"/>
    <property name="os.version" value="10.0"/>
    <property name="java.runtime.name" value="OpenJDK Runtime Environment"/>
    <property name="file.encoding" value="Cp1252"/>
    <property name="java.vm.name" value="OpenJDK 64-Bit Server VM"/>
    <property name="java.vendor.version" value="Temurin-11.0.16.1+1"/>
    <property name="localRepository" value="C:\Users\david\.m2\repository"/>
    <property name="java.vendor.url.bug" value="https://github.com/adoptium/adoptium-support/issues"/>
    <property name="java.io.tmpdir" value="C:\Users\david\AppData\Local\Temp\"/>
    <property name="java.version" value="11.0.16.1"/>
    <property name="user.dir" value="C:\Users\david\Downloads\Phase5"/>
    <property name="os.arch" value="amd64"/>
    <property name="java.vm.specification.name" value="Java Virtual Machine Specification"/>
    <property name="java.awt.printerjob" value="sun.awt.windows.WPrinterJob"/>
    <property name="sun.os.patch.level" value=""/>
    <property name="java.library.path" value="C:\Program Files\Eclipse Adoptium\jdk-11.0.16.101-hotspot\bin;C:\WINDOWS\Sun\Java\bin;C:\WINDOWS\system32;C:\WINDOWS;C:\Program Files\Eclipse Adoptium\jdk-11.0.16.101-hotspot\bin;C:\WINDOWS\system32;C:\WINDOWS;C:\WINDOWS\System32\Wbem;C:\WINDOWS\System32\WindowsPowerShell\v1.0\;C:\WINDOWS\System32\OpenSSH\;C:\Python27;C;C:\Program Files\Graphviz\bin;C:\Program Files\Git\cmd;C:\Users\david\AppData\Local\Microsoft\WindowsApps;C:\Users\david\AppData\Local\Programs\Microsoft VS Code\bin;C:\Users\david\AppData\Local\GitHubDesktop\bin;C:\Users\david\.sonar\sonar-scanner-4.7.0.2747-windows\bin;C:\Users\david\Downloads\apache-maven-3.8.6\bin;;."/>
    <property name="java.vm.info" value="mixed mode"/>
    <property name="java.vendor" value="Eclipse Adoptium"/>
    <property name="java.vm.version" value="11.0.16.1+1"/>
    <property name="sun.io.unicode.encoding" value="UnicodeLittle"/>
    <property name="java.class.version" value="55.0"/>
  </properties>
  <testcase name="testPremiumFlightVipPassenger" classname="com.manning.junitbook.airport.AirportTest$PremiumFlightTest$VipPassenger" time="0.063"/>
  <testcase name="testPremiumFlightVipPassengerAddedOnlyOnce{RepetitionInfo}[1]" classname="com.manning.junitbook.airport.AirportTest$PremiumFlightTest$VipPassenger" time="0.016"/>
  <testcase name="testPremiumFlightVipPassengerAddedOnlyOnce{RepetitionInfo}[2]" classname="com.manning.junitbook.airport.AirportTest$PremiumFlightTest$VipPassenger" time="0"/>
  <testcase name="testPremiumFlightVipPassengerAddedOnlyOnce{RepetitionInfo}[3]" classname="com.manning.junitbook.airport.AirportTest$PremiumFlightTest$VipPassenger" time="0"/>
  <testcase name="testPremiumFlightVipPassengerAddedOnlyOnce{RepetitionInfo}[4]" classname="com.manning.junitbook.airport.AirportTest$PremiumFlightTest$VipPassenger" time="0"/>
  <testcase name="testPremiumFlightVipPassengerAddedOnlyOnce{RepetitionInfo}[5]" classname="com.manning.junitbook.airport.AirportTest$PremiumFlightTest$VipPassenger" time="0"/>
  <testcase name="testPremiumFlightRegularPassenger" classname="com.manning.junitbook.airport.AirportTest$PremiumFlightTest$RegularPassenger" time="0.016"/>
  <testcase name="testBusinessFlightVipPassenger" classname="com.manning.junitbook.airport.AirportTest$BusinessFlightTest$VipPassenger" time="0.004"/>
  <testcase name="testBusinessFlightVipPassengerAddedOnlyOnce{RepetitionInfo}[1]" classname="com.manning.junitbook.airport.AirportTest$BusinessFlightTest$VipPassenger" time="0"/>
  <testcase name="testBusinessFlightVipPassengerAddedOnlyOnce{RepetitionInfo}[2]" classname="com.manning.junitbook.airport.AirportTest$BusinessFlightTest$VipPassenger" time="0"/>
  <testcase name="testBusinessFlightVipPassengerAddedOnlyOnce{RepetitionInfo}[3]" classname="com.manning.junitbook.airport.AirportTest$BusinessFlightTest$VipPassenger" time="0"/>
  <testcase name="testBusinessFlightVipPassengerAddedOnlyOnce{RepetitionInfo}[4]" classname="com.manning.junitbook.airport.AirportTest$BusinessFlightTest$VipPassenger" time="0"/>
  <testcase name="testBusinessFlightVipPassengerAddedOnlyOnce{RepetitionInfo}[5]" classname="com.manning.junitbook.airport.AirportTest$BusinessFlightTest$VipPassenger" time="0.008"/>
  <testcase name="testBusinessFlightRegularPassenger" classname="com.manning.junitbook.airport.AirportTest$BusinessFlightTest$RegularPassenger" time="0"/>
  <testcase name="testEconomyFlightVipPassenger" classname="com.manning.junitbook.airport.AirportTest$EconomyFlightTest$VipPassenger" time="0"/>
  <testcase name="testEconomyFlightVipPassengerAddedOnlyOnce{RepetitionInfo}[1]" classname="com.manning.junitbook.airport.AirportTest$EconomyFlightTest$VipPassenger" time="0.008"/>
  <testcase name="testEconomyFlightVipPassengerAddedOnlyOnce{RepetitionInfo}[2]" classname="com.manning.junitbook.airport.AirportTest$EconomyFlightTest$VipPassenger" time="0"/>
  <testcase name="testEconomyFlightVipPassengerAddedOnlyOnce{RepetitionInfo}[3]" classname="com.manning.junitbook.airport.AirportTest$EconomyFlightTest$VipPassenger" time="0.004"/>
  <testcase name="testEconomyFlightVipPassengerAddedOnlyOnce{RepetitionInfo}[4]" classname="com.manning.junitbook.airport.AirportTest$EconomyFlightTest$VipPassenger" time="0"/>
  <testcase name="testEconomyFlightVipPassengerAddedOnlyOnce{RepetitionInfo}[5]" classname="com.manning.junitbook.airport.AirportTest$EconomyFlightTest$VipPassenger" time="0"/>
  <testcase name="testEconomyFlightRegularPassenger" classname="com.manning.junitbook.airport.AirportTest$EconomyFlightTest$RegularPassenger" time="0"/>
  <testcase name="testEconomyFlightRegularPassengerAddedOnlyOnce{RepetitionInfo}[1]" classname="com.manning.junitbook.airport.AirportTest$EconomyFlightTest$RegularPassenger" time="0.016"/>
  <testcase name="testEconomyFlightRegularPassengerAddedOnlyOnce{RepetitionInfo}[2]" classname="com.manning.junitbook.airport.AirportTest$EconomyFlightTest$RegularPassenger" time="0"/>
  <testcase name="testEconomyFlightRegularPassengerAddedOnlyOnce{RepetitionInfo}[3]" classname="com.manning.junitbook.airport.AirportTest$EconomyFlightTest$RegularPassenger" time="0"/>
  <testcase name="testEconomyFlightRegularPassengerAddedOnlyOnce{RepetitionInfo}[4]" classname="com.manning.junitbook.airport.AirportTest$EconomyFlightTest$RegularPassenger" time="0"/>
  <testcase name="testEconomyFlightRegularPassengerAddedOnlyOnce{RepetitionInfo}[5]" classname="com.manning.junitbook.airport.AirportTest$EconomyFlightTest$RegularPassenger" time="0"/>
</testsuite>